<?xml version="1.0" encoding="UTF-8"?><testrun name="TestBbActionPerformed" project="blackjack" tests="23" started="23" failures="1" errors="0" ignored="0">
  <testsuite name="test.TestBbActionPerformed" time="1.149">
    <testsuite name="[0]" time="0.963">
      <testcase name="testActionPerformed[0]" classname="test.TestBbActionPerformed" time="0.963"/>
    </testsuite>
    <testsuite name="[1]" time="0.005">
      <testcase name="testActionPerformed[1]" classname="test.TestBbActionPerformed" time="0.005"/>
    </testsuite>
    <testsuite name="[2]" time="0.01">
      <testcase name="testActionPerformed[2]" classname="test.TestBbActionPerformed" time="0.01"/>
    </testsuite>
    <testsuite name="[3]" time="0.006">
      <testcase name="testActionPerformed[3]" classname="test.TestBbActionPerformed" time="0.006"/>
    </testsuite>
    <testsuite name="[4]" time="0.005">
      <testcase name="testActionPerformed[4]" classname="test.TestBbActionPerformed" time="0.005"/>
    </testsuite>
    <testsuite name="[5]" time="0.006">
      <testcase name="testActionPerformed[5]" classname="test.TestBbActionPerformed" time="0.006"/>
    </testsuite>
    <testsuite name="[6]" time="0.006">
      <testcase name="testActionPerformed[6]" classname="test.TestBbActionPerformed" time="0.006"/>
    </testsuite>
    <testsuite name="[7]" time="0.007">
      <testcase name="testActionPerformed[7]" classname="test.TestBbActionPerformed" time="0.007"/>
    </testsuite>
    <testsuite name="[8]" time="0.009">
      <testcase name="testActionPerformed[8]" classname="test.TestBbActionPerformed" time="0.009"/>
    </testsuite>
    <testsuite name="[9]" time="0.005">
      <testcase name="testActionPerformed[9]" classname="test.TestBbActionPerformed" time="0.005"/>
    </testsuite>
    <testsuite name="[10]" time="0.006">
      <testcase name="testActionPerformed[10]" classname="test.TestBbActionPerformed" time="0.006"/>
    </testsuite>
    <testsuite name="[11]" time="0.005">
      <testcase name="testActionPerformed[11]" classname="test.TestBbActionPerformed" time="0.005"/>
    </testsuite>
    <testsuite name="[12]" time="0.007">
      <testcase name="testActionPerformed[12]" classname="test.TestBbActionPerformed" time="0.007"/>
    </testsuite>
    <testsuite name="[13]" time="0.008">
      <testcase name="testActionPerformed[13]" classname="test.TestBbActionPerformed" time="0.008"/>
    </testsuite>
    <testsuite name="[14]" time="0.014">
      <testcase name="testActionPerformed[14]" classname="test.TestBbActionPerformed" time="0.014"/>
    </testsuite>
    <testsuite name="[15]" time="0.02">
      <testcase name="testActionPerformed[15]" classname="test.TestBbActionPerformed" time="0.02"/>
    </testsuite>
    <testsuite name="[16]" time="0.007">
      <testcase name="testActionPerformed[16]" classname="test.TestBbActionPerformed" time="0.007"/>
    </testsuite>
    <testsuite name="[17]" time="0.005">
      <testcase name="testActionPerformed[17]" classname="test.TestBbActionPerformed" time="0.005"/>
    </testsuite>
    <testsuite name="[18]" time="0.007">
      <testcase name="testActionPerformed[18]" classname="test.TestBbActionPerformed" time="0.007"/>
    </testsuite>
    <testsuite name="[19]" time="0.01">
      <testcase name="testActionPerformed[19]" classname="test.TestBbActionPerformed" time="0.01">
        <failure>java.lang.AssertionError: expected:&lt;16&gt; but was:&lt;17&gt;
	at org.junit.Assert.fail(Assert.java:88)
	at org.junit.Assert.failNotEquals(Assert.java:743)
	at org.junit.Assert.assertEquals(Assert.java:118)
	at org.junit.Assert.assertEquals(Assert.java:555)
	at org.junit.Assert.assertEquals(Assert.java:542)
	at test.TestBbActionPerformed.testValid(TestBbActionPerformed.java:130)
	at test.TestBbActionPerformed.testActionPerformed(TestBbActionPerformed.java:112)
	at sun.reflect.GeneratedMethodAccessor7.invoke(Unknown Source)
	at sun.reflect.DelegatingMethodAccessorImpl.invoke(DelegatingMethodAccessorImpl.java:25)
	at java.lang.reflect.Method.invoke(Method.java:597)
	at org.junit.runners.model.FrameworkMethod$1.runReflectiveCall(FrameworkMethod.java:47)
	at org.junit.internal.runners.model.ReflectiveCallable.run(ReflectiveCallable.java:12)
	at org.junit.runners.model.FrameworkMethod.invokeExplosively(FrameworkMethod.java:44)
	at org.junit.internal.runners.statements.InvokeMethod.evaluate(InvokeMethod.java:17)
	at org.junit.internal.runners.statements.RunBefores.evaluate(RunBefores.java:26)
	at org.junit.runners.ParentRunner.runLeaf(ParentRunner.java:271)
	at org.junit.runners.BlockJUnit4ClassRunner.runChild(BlockJUnit4ClassRunner.java:70)
	at org.junit.runners.BlockJUnit4ClassRunner.runChild(BlockJUnit4ClassRunner.java:50)
	at org.junit.runners.ParentRunner$3.run(ParentRunner.java:238)
	at org.junit.runners.ParentRunner$1.schedule(ParentRunner.java:63)
	at org.junit.runners.ParentRunner.runChildren(ParentRunner.java:236)
	at org.junit.runners.ParentRunner.access$000(ParentRunner.java:53)
	at org.junit.runners.ParentRunner$2.evaluate(ParentRunner.java:229)
	at org.junit.runners.ParentRunner.run(ParentRunner.java:309)
	at org.junit.runners.Suite.runChild(Suite.java:127)
	at org.junit.runners.Suite.runChild(Suite.java:26)
	at org.junit.runners.ParentRunner$3.run(ParentRunner.java:238)
	at org.junit.runners.ParentRunner$1.schedule(ParentRunner.java:63)
	at org.junit.runners.ParentRunner.runChildren(ParentRunner.java:236)
	at org.junit.runners.ParentRunner.access$000(ParentRunner.java:53)
	at org.junit.runners.ParentRunner$2.evaluate(ParentRunner.java:229)
	at org.junit.runners.ParentRunner.run(ParentRunner.java:309)
	at org.eclipse.jdt.internal.junit4.runner.JUnit4TestReference.run(JUnit4TestReference.java:50)
	at org.eclipse.jdt.internal.junit.runner.TestExecution.run(TestExecution.java:38)
	at org.eclipse.jdt.internal.junit.runner.RemoteTestRunner.runTests(RemoteTestRunner.java:467)
	at org.eclipse.jdt.internal.junit.runner.RemoteTestRunner.runTests(RemoteTestRunner.java:683)
	at org.eclipse.jdt.internal.junit.runner.RemoteTestRunner.run(RemoteTestRunner.java:390)
	at org.eclipse.jdt.internal.junit.runner.RemoteTestRunner.main(RemoteTestRunner.java:197)

</failure>
      </testcase>
    </testsuite>
    <testsuite name="[20]" time="0.007">
      <testcase name="testActionPerformed[20]" classname="test.TestBbActionPerformed" time="0.007"/>
    </testsuite>
    <testsuite name="[21]" time="0.018">
      <testcase name="testActionPerformed[21]" classname="test.TestBbActionPerformed" time="0.018"/>
    </testsuite>
    <testsuite name="[22]" time="0.011">
      <testcase name="testActionPerformed[22]" classname="test.TestBbActionPerformed" time="0.011"/>
    </testsuite>
  </testsuite>
</testrun>
