<?xml version="1.0" encoding="UTF-8"?><testrun name="TestBbActionPerformed" project="blackjack" tests="23" started="23" failures="5" errors="0" ignored="0">
  <testsuite name="test.TestBbActionPerformed" time="1.084">
    <testsuite name="[0]" time="0.908">
      <testcase name="testActionPerformed[0]" classname="test.TestBbActionPerformed" time="0.908"/>
    </testsuite>
    <testsuite name="[1]" time="0.004">
      <testcase name="testActionPerformed[1]" classname="test.TestBbActionPerformed" time="0.004"/>
    </testsuite>
    <testsuite name="[2]" time="0.025">
      <testcase name="testActionPerformed[2]" classname="test.TestBbActionPerformed" time="0.025"/>
    </testsuite>
    <testsuite name="[3]" time="0.004">
      <testcase name="testActionPerformed[3]" classname="test.TestBbActionPerformed" time="0.004"/>
    </testsuite>
    <testsuite name="[4]" time="0.005">
      <testcase name="testActionPerformed[4]" classname="test.TestBbActionPerformed" time="0.005"/>
    </testsuite>
    <testsuite name="[5]" time="0.006">
      <testcase name="testActionPerformed[5]" classname="test.TestBbActionPerformed" time="0.006"/>
    </testsuite>
    <testsuite name="[6]" time="0.006">
      <testcase name="testActionPerformed[6]" classname="test.TestBbActionPerformed" time="0.006"/>
    </testsuite>
    <testsuite name="[7]" time="0.005">
      <testcase name="testActionPerformed[7]" classname="test.TestBbActionPerformed" time="0.005"/>
    </testsuite>
    <testsuite name="[8]" time="0.005">
      <testcase name="testActionPerformed[8]" classname="test.TestBbActionPerformed" time="0.005"/>
    </testsuite>
    <testsuite name="[9]" time="0.005">
      <testcase name="testActionPerformed[9]" classname="test.TestBbActionPerformed" time="0.005"/>
    </testsuite>
    <testsuite name="[10]" time="0.005">
      <testcase name="testActionPerformed[10]" classname="test.TestBbActionPerformed" time="0.005"/>
    </testsuite>
    <testsuite name="[11]" time="0.006">
      <testcase name="testActionPerformed[11]" classname="test.TestBbActionPerformed" time="0.006"/>
    </testsuite>
    <testsuite name="[12]" time="0.005">
      <testcase name="testActionPerformed[12]" classname="test.TestBbActionPerformed" time="0.005"/>
    </testsuite>
    <testsuite name="[13]" time="0.011">
      <testcase name="testActionPerformed[13]" classname="test.TestBbActionPerformed" time="0.011">
        <failure>java.lang.AssertionError: expected:&lt;18&gt; but was:&lt;17&gt;&#13;
	at org.junit.Assert.fail(Assert.java:93)&#13;
	at org.junit.Assert.failNotEquals(Assert.java:647)&#13;
	at org.junit.Assert.assertEquals(Assert.java:128)&#13;
	at org.junit.Assert.assertEquals(Assert.java:472)&#13;
	at org.junit.Assert.assertEquals(Assert.java:456)&#13;
	at test.TestBbActionPerformed.testValid(TestBbActionPerformed.java:130)&#13;
	at test.TestBbActionPerformed.testActionPerformed(TestBbActionPerformed.java:112)&#13;
	at sun.reflect.NativeMethodAccessorImpl.invoke0(Native Method)&#13;
	at sun.reflect.NativeMethodAccessorImpl.invoke(NativeMethodAccessorImpl.java:57)&#13;
	at sun.reflect.DelegatingMethodAccessorImpl.invoke(DelegatingMethodAccessorImpl.java:43)&#13;
	at java.lang.reflect.Method.invoke(Method.java:606)&#13;
	at org.junit.runners.model.FrameworkMethod$1.runReflectiveCall(FrameworkMethod.java:45)&#13;
	at org.junit.internal.runners.model.ReflectiveCallable.run(ReflectiveCallable.java:15)&#13;
	at org.junit.runners.model.FrameworkMethod.invokeExplosively(FrameworkMethod.java:42)&#13;
	at org.junit.internal.runners.statements.InvokeMethod.evaluate(InvokeMethod.java:20)&#13;
	at org.junit.internal.runners.statements.RunBefores.evaluate(RunBefores.java:28)&#13;
	at org.junit.runners.ParentRunner.runLeaf(ParentRunner.java:263)&#13;
	at org.junit.runners.BlockJUnit4ClassRunner.runChild(BlockJUnit4ClassRunner.java:68)&#13;
	at org.junit.runners.BlockJUnit4ClassRunner.runChild(BlockJUnit4ClassRunner.java:47)&#13;
	at org.junit.runners.ParentRunner$3.run(ParentRunner.java:231)&#13;
	at org.junit.runners.ParentRunner$1.schedule(ParentRunner.java:60)&#13;
	at org.junit.runners.ParentRunner.runChildren(ParentRunner.java:229)&#13;
	at org.junit.runners.ParentRunner.access$000(ParentRunner.java:50)&#13;
	at org.junit.runners.ParentRunner$2.evaluate(ParentRunner.java:222)&#13;
	at org.junit.runners.ParentRunner.run(ParentRunner.java:300)&#13;
	at org.junit.runners.Suite.runChild(Suite.java:128)&#13;
	at org.junit.runners.Suite.runChild(Suite.java:24)&#13;
	at org.junit.runners.ParentRunner$3.run(ParentRunner.java:231)&#13;
	at org.junit.runners.ParentRunner$1.schedule(ParentRunner.java:60)&#13;
	at org.junit.runners.ParentRunner.runChildren(ParentRunner.java:229)&#13;
	at org.junit.runners.ParentRunner.access$000(ParentRunner.java:50)&#13;
	at org.junit.runners.ParentRunner$2.evaluate(ParentRunner.java:222)&#13;
	at org.junit.runners.ParentRunner.run(ParentRunner.java:300)&#13;
	at org.eclipse.jdt.internal.junit4.runner.JUnit4TestReference.run(JUnit4TestReference.java:50)&#13;
	at org.eclipse.jdt.internal.junit.runner.TestExecution.run(TestExecution.java:38)&#13;
	at org.eclipse.jdt.internal.junit.runner.RemoteTestRunner.runTests(RemoteTestRunner.java:467)&#13;
	at org.eclipse.jdt.internal.junit.runner.RemoteTestRunner.runTests(RemoteTestRunner.java:683)&#13;
	at org.eclipse.jdt.internal.junit.runner.RemoteTestRunner.run(RemoteTestRunner.java:390)&#13;
	at org.eclipse.jdt.internal.junit.runner.RemoteTestRunner.main(RemoteTestRunner.java:197)&#13;
&#13;
</failure>
      </testcase>
    </testsuite>
    <testsuite name="[14]" time="0.007">
      <testcase name="testActionPerformed[14]" classname="test.TestBbActionPerformed" time="0.007">
        <failure>java.lang.AssertionError: expected:&lt;19&gt; but was:&lt;17&gt;&#13;
	at org.junit.Assert.fail(Assert.java:93)&#13;
	at org.junit.Assert.failNotEquals(Assert.java:647)&#13;
	at org.junit.Assert.assertEquals(Assert.java:128)&#13;
	at org.junit.Assert.assertEquals(Assert.java:472)&#13;
	at org.junit.Assert.assertEquals(Assert.java:456)&#13;
	at test.TestBbActionPerformed.testValid(TestBbActionPerformed.java:130)&#13;
	at test.TestBbActionPerformed.testActionPerformed(TestBbActionPerformed.java:112)&#13;
	at sun.reflect.NativeMethodAccessorImpl.invoke0(Native Method)&#13;
	at sun.reflect.NativeMethodAccessorImpl.invoke(NativeMethodAccessorImpl.java:57)&#13;
	at sun.reflect.DelegatingMethodAccessorImpl.invoke(DelegatingMethodAccessorImpl.java:43)&#13;
	at java.lang.reflect.Method.invoke(Method.java:606)&#13;
	at org.junit.runners.model.FrameworkMethod$1.runReflectiveCall(FrameworkMethod.java:45)&#13;
	at org.junit.internal.runners.model.ReflectiveCallable.run(ReflectiveCallable.java:15)&#13;
	at org.junit.runners.model.FrameworkMethod.invokeExplosively(FrameworkMethod.java:42)&#13;
	at org.junit.internal.runners.statements.InvokeMethod.evaluate(InvokeMethod.java:20)&#13;
	at org.junit.internal.runners.statements.RunBefores.evaluate(RunBefores.java:28)&#13;
	at org.junit.runners.ParentRunner.runLeaf(ParentRunner.java:263)&#13;
	at org.junit.runners.BlockJUnit4ClassRunner.runChild(BlockJUnit4ClassRunner.java:68)&#13;
	at org.junit.runners.BlockJUnit4ClassRunner.runChild(BlockJUnit4ClassRunner.java:47)&#13;
	at org.junit.runners.ParentRunner$3.run(ParentRunner.java:231)&#13;
	at org.junit.runners.ParentRunner$1.schedule(ParentRunner.java:60)&#13;
	at org.junit.runners.ParentRunner.runChildren(ParentRunner.java:229)&#13;
	at org.junit.runners.ParentRunner.access$000(ParentRunner.java:50)&#13;
	at org.junit.runners.ParentRunner$2.evaluate(ParentRunner.java:222)&#13;
	at org.junit.runners.ParentRunner.run(ParentRunner.java:300)&#13;
	at org.junit.runners.Suite.runChild(Suite.java:128)&#13;
	at org.junit.runners.Suite.runChild(Suite.java:24)&#13;
	at org.junit.runners.ParentRunner$3.run(ParentRunner.java:231)&#13;
	at org.junit.runners.ParentRunner$1.schedule(ParentRunner.java:60)&#13;
	at org.junit.runners.ParentRunner.runChildren(ParentRunner.java:229)&#13;
	at org.junit.runners.ParentRunner.access$000(ParentRunner.java:50)&#13;
	at org.junit.runners.ParentRunner$2.evaluate(ParentRunner.java:222)&#13;
	at org.junit.runners.ParentRunner.run(ParentRunner.java:300)&#13;
	at org.eclipse.jdt.internal.junit4.runner.JUnit4TestReference.run(JUnit4TestReference.java:50)&#13;
	at org.eclipse.jdt.internal.junit.runner.TestExecution.run(TestExecution.java:38)&#13;
	at org.eclipse.jdt.internal.junit.runner.RemoteTestRunner.runTests(RemoteTestRunner.java:467)&#13;
	at org.eclipse.jdt.internal.junit.runner.RemoteTestRunner.runTests(RemoteTestRunner.java:683)&#13;
	at org.eclipse.jdt.internal.junit.runner.RemoteTestRunner.run(RemoteTestRunner.java:390)&#13;
	at org.eclipse.jdt.internal.junit.runner.RemoteTestRunner.main(RemoteTestRunner.java:197)&#13;
&#13;
</failure>
      </testcase>
    </testsuite>
    <testsuite name="[15]" time="0.018">
      <testcase name="testActionPerformed[15]" classname="test.TestBbActionPerformed" time="0.018">
        <failure>java.lang.AssertionError: expected:&lt;20&gt; but was:&lt;17&gt;&#13;
	at org.junit.Assert.fail(Assert.java:93)&#13;
	at org.junit.Assert.failNotEquals(Assert.java:647)&#13;
	at org.junit.Assert.assertEquals(Assert.java:128)&#13;
	at org.junit.Assert.assertEquals(Assert.java:472)&#13;
	at org.junit.Assert.assertEquals(Assert.java:456)&#13;
	at test.TestBbActionPerformed.testValid(TestBbActionPerformed.java:130)&#13;
	at test.TestBbActionPerformed.testActionPerformed(TestBbActionPerformed.java:112)&#13;
	at sun.reflect.NativeMethodAccessorImpl.invoke0(Native Method)&#13;
	at sun.reflect.NativeMethodAccessorImpl.invoke(NativeMethodAccessorImpl.java:57)&#13;
	at sun.reflect.DelegatingMethodAccessorImpl.invoke(DelegatingMethodAccessorImpl.java:43)&#13;
	at java.lang.reflect.Method.invoke(Method.java:606)&#13;
	at org.junit.runners.model.FrameworkMethod$1.runReflectiveCall(FrameworkMethod.java:45)&#13;
	at org.junit.internal.runners.model.ReflectiveCallable.run(ReflectiveCallable.java:15)&#13;
	at org.junit.runners.model.FrameworkMethod.invokeExplosively(FrameworkMethod.java:42)&#13;
	at org.junit.internal.runners.statements.InvokeMethod.evaluate(InvokeMethod.java:20)&#13;
	at org.junit.internal.runners.statements.RunBefores.evaluate(RunBefores.java:28)&#13;
	at org.junit.runners.ParentRunner.runLeaf(ParentRunner.java:263)&#13;
	at org.junit.runners.BlockJUnit4ClassRunner.runChild(BlockJUnit4ClassRunner.java:68)&#13;
	at org.junit.runners.BlockJUnit4ClassRunner.runChild(BlockJUnit4ClassRunner.java:47)&#13;
	at org.junit.runners.ParentRunner$3.run(ParentRunner.java:231)&#13;
	at org.junit.runners.ParentRunner$1.schedule(ParentRunner.java:60)&#13;
	at org.junit.runners.ParentRunner.runChildren(ParentRunner.java:229)&#13;
	at org.junit.runners.ParentRunner.access$000(ParentRunner.java:50)&#13;
	at org.junit.runners.ParentRunner$2.evaluate(ParentRunner.java:222)&#13;
	at org.junit.runners.ParentRunner.run(ParentRunner.java:300)&#13;
	at org.junit.runners.Suite.runChild(Suite.java:128)&#13;
	at org.junit.runners.Suite.runChild(Suite.java:24)&#13;
	at org.junit.runners.ParentRunner$3.run(ParentRunner.java:231)&#13;
	at org.junit.runners.ParentRunner$1.schedule(ParentRunner.java:60)&#13;
	at org.junit.runners.ParentRunner.runChildren(ParentRunner.java:229)&#13;
	at org.junit.runners.ParentRunner.access$000(ParentRunner.java:50)&#13;
	at org.junit.runners.ParentRunner$2.evaluate(ParentRunner.java:222)&#13;
	at org.junit.runners.ParentRunner.run(ParentRunner.java:300)&#13;
	at org.eclipse.jdt.internal.junit4.runner.JUnit4TestReference.run(JUnit4TestReference.java:50)&#13;
	at org.eclipse.jdt.internal.junit.runner.TestExecution.run(TestExecution.java:38)&#13;
	at org.eclipse.jdt.internal.junit.runner.RemoteTestRunner.runTests(RemoteTestRunner.java:467)&#13;
	at org.eclipse.jdt.internal.junit.runner.RemoteTestRunner.runTests(RemoteTestRunner.java:683)&#13;
	at org.eclipse.jdt.internal.junit.runner.RemoteTestRunner.run(RemoteTestRunner.java:390)&#13;
	at org.eclipse.jdt.internal.junit.runner.RemoteTestRunner.main(RemoteTestRunner.java:197)&#13;
&#13;
</failure>
      </testcase>
    </testsuite>
    <testsuite name="[16]" time="0.0">
      <testcase name="testActionPerformed[16]" classname="test.TestBbActionPerformed" time="0.0"/>
    </testsuite>
    <testsuite name="[17]" time="0.006">
      <testcase name="testActionPerformed[17]" classname="test.TestBbActionPerformed" time="0.006"/>
    </testsuite>
    <testsuite name="[18]" time="0.028">
      <testcase name="testActionPerformed[18]" classname="test.TestBbActionPerformed" time="0.028">
        <failure>
          <expected>hello 8 8

Cpu
 8</expected>
          <actual>hello

Cpu
 8 8</actual>org.junit.ComparisonFailure: expected:&lt;hello[ 8 8

Cpu
] 8&gt; but was:&lt;hello[

Cpu
 8] 8&gt;&#13;
	at org.junit.Assert.assertEquals(Assert.java:125)&#13;
	at org.junit.Assert.assertEquals(Assert.java:147)&#13;
	at test.TestBbActionPerformed.testValid(TestBbActionPerformed.java:136)&#13;
	at test.TestBbActionPerformed.testActionPerformed(TestBbActionPerformed.java:112)&#13;
	at sun.reflect.GeneratedMethodAccessor7.invoke(Unknown Source)&#13;
	at sun.reflect.DelegatingMethodAccessorImpl.invoke(DelegatingMethodAccessorImpl.java:43)&#13;
	at java.lang.reflect.Method.invoke(Method.java:606)&#13;
	at org.junit.runners.model.FrameworkMethod$1.runReflectiveCall(FrameworkMethod.java:45)&#13;
	at org.junit.internal.runners.model.ReflectiveCallable.run(ReflectiveCallable.java:15)&#13;
	at org.junit.runners.model.FrameworkMethod.invokeExplosively(FrameworkMethod.java:42)&#13;
	at org.junit.internal.runners.statements.InvokeMethod.evaluate(InvokeMethod.java:20)&#13;
	at org.junit.internal.runners.statements.RunBefores.evaluate(RunBefores.java:28)&#13;
	at org.junit.runners.ParentRunner.runLeaf(ParentRunner.java:263)&#13;
	at org.junit.runners.BlockJUnit4ClassRunner.runChild(BlockJUnit4ClassRunner.java:68)&#13;
	at org.junit.runners.BlockJUnit4ClassRunner.runChild(BlockJUnit4ClassRunner.java:47)&#13;
	at org.junit.runners.ParentRunner$3.run(ParentRunner.java:231)&#13;
	at org.junit.runners.ParentRunner$1.schedule(ParentRunner.java:60)&#13;
	at org.junit.runners.ParentRunner.runChildren(ParentRunner.java:229)&#13;
	at org.junit.runners.ParentRunner.access$000(ParentRunner.java:50)&#13;
	at org.junit.runners.ParentRunner$2.evaluate(ParentRunner.java:222)&#13;
	at org.junit.runners.ParentRunner.run(ParentRunner.java:300)&#13;
	at org.junit.runners.Suite.runChild(Suite.java:128)&#13;
	at org.junit.runners.Suite.runChild(Suite.java:24)&#13;
	at org.junit.runners.ParentRunner$3.run(ParentRunner.java:231)&#13;
	at org.junit.runners.ParentRunner$1.schedule(ParentRunner.java:60)&#13;
	at org.junit.runners.ParentRunner.runChildren(ParentRunner.java:229)&#13;
	at org.junit.runners.ParentRunner.access$000(ParentRunner.java:50)&#13;
	at org.junit.runners.ParentRunner$2.evaluate(ParentRunner.java:222)&#13;
	at org.junit.runners.ParentRunner.run(ParentRunner.java:300)&#13;
	at org.eclipse.jdt.internal.junit4.runner.JUnit4TestReference.run(JUnit4TestReference.java:50)&#13;
	at org.eclipse.jdt.internal.junit.runner.TestExecution.run(TestExecution.java:38)&#13;
	at org.eclipse.jdt.internal.junit.runner.RemoteTestRunner.runTests(RemoteTestRunner.java:467)&#13;
	at org.eclipse.jdt.internal.junit.runner.RemoteTestRunner.runTests(RemoteTestRunner.java:683)&#13;
	at org.eclipse.jdt.internal.junit.runner.RemoteTestRunner.run(RemoteTestRunner.java:390)&#13;
	at org.eclipse.jdt.internal.junit.runner.RemoteTestRunner.main(RemoteTestRunner.java:197)&#13;
&#13;
</failure>
      </testcase>
    </testsuite>
    <testsuite name="[19]" time="0.007">
      <testcase name="testActionPerformed[19]" classname="test.TestBbActionPerformed" time="0.007">
        <failure>java.lang.AssertionError: expected:&lt;16&gt; but was:&lt;17&gt;&#13;
	at org.junit.Assert.fail(Assert.java:93)&#13;
	at org.junit.Assert.failNotEquals(Assert.java:647)&#13;
	at org.junit.Assert.assertEquals(Assert.java:128)&#13;
	at org.junit.Assert.assertEquals(Assert.java:472)&#13;
	at org.junit.Assert.assertEquals(Assert.java:456)&#13;
	at test.TestBbActionPerformed.testValid(TestBbActionPerformed.java:130)&#13;
	at test.TestBbActionPerformed.testActionPerformed(TestBbActionPerformed.java:112)&#13;
	at sun.reflect.GeneratedMethodAccessor7.invoke(Unknown Source)&#13;
	at sun.reflect.DelegatingMethodAccessorImpl.invoke(DelegatingMethodAccessorImpl.java:43)&#13;
	at java.lang.reflect.Method.invoke(Method.java:606)&#13;
	at org.junit.runners.model.FrameworkMethod$1.runReflectiveCall(FrameworkMethod.java:45)&#13;
	at org.junit.internal.runners.model.ReflectiveCallable.run(ReflectiveCallable.java:15)&#13;
	at org.junit.runners.model.FrameworkMethod.invokeExplosively(FrameworkMethod.java:42)&#13;
	at org.junit.internal.runners.statements.InvokeMethod.evaluate(InvokeMethod.java:20)&#13;
	at org.junit.internal.runners.statements.RunBefores.evaluate(RunBefores.java:28)&#13;
	at org.junit.runners.ParentRunner.runLeaf(ParentRunner.java:263)&#13;
	at org.junit.runners.BlockJUnit4ClassRunner.runChild(BlockJUnit4ClassRunner.java:68)&#13;
	at org.junit.runners.BlockJUnit4ClassRunner.runChild(BlockJUnit4ClassRunner.java:47)&#13;
	at org.junit.runners.ParentRunner$3.run(ParentRunner.java:231)&#13;
	at org.junit.runners.ParentRunner$1.schedule(ParentRunner.java:60)&#13;
	at org.junit.runners.ParentRunner.runChildren(ParentRunner.java:229)&#13;
	at org.junit.runners.ParentRunner.access$000(ParentRunner.java:50)&#13;
	at org.junit.runners.ParentRunner$2.evaluate(ParentRunner.java:222)&#13;
	at org.junit.runners.ParentRunner.run(ParentRunner.java:300)&#13;
	at org.junit.runners.Suite.runChild(Suite.java:128)&#13;
	at org.junit.runners.Suite.runChild(Suite.java:24)&#13;
	at org.junit.runners.ParentRunner$3.run(ParentRunner.java:231)&#13;
	at org.junit.runners.ParentRunner$1.schedule(ParentRunner.java:60)&#13;
	at org.junit.runners.ParentRunner.runChildren(ParentRunner.java:229)&#13;
	at org.junit.runners.ParentRunner.access$000(ParentRunner.java:50)&#13;
	at org.junit.runners.ParentRunner$2.evaluate(ParentRunner.java:222)&#13;
	at org.junit.runners.ParentRunner.run(ParentRunner.java:300)&#13;
	at org.eclipse.jdt.internal.junit4.runner.JUnit4TestReference.run(JUnit4TestReference.java:50)&#13;
	at org.eclipse.jdt.internal.junit.runner.TestExecution.run(TestExecution.java:38)&#13;
	at org.eclipse.jdt.internal.junit.runner.RemoteTestRunner.runTests(RemoteTestRunner.java:467)&#13;
	at org.eclipse.jdt.internal.junit.runner.RemoteTestRunner.runTests(RemoteTestRunner.java:683)&#13;
	at org.eclipse.jdt.internal.junit.runner.RemoteTestRunner.run(RemoteTestRunner.java:390)&#13;
	at org.eclipse.jdt.internal.junit.runner.RemoteTestRunner.main(RemoteTestRunner.java:197)&#13;
&#13;
</failure>
      </testcase>
    </testsuite>
    <testsuite name="[20]" time="0.004">
      <testcase name="testActionPerformed[20]" classname="test.TestBbActionPerformed" time="0.004"/>
    </testsuite>
    <testsuite name="[21]" time="0.004">
      <testcase name="testActionPerformed[21]" classname="test.TestBbActionPerformed" time="0.004"/>
    </testsuite>
    <testsuite name="[22]" time="0.004">
      <testcase name="testActionPerformed[22]" classname="test.TestBbActionPerformed" time="0.004"/>
    </testsuite>
  </testsuite>
</testrun>
